E:\VISUALSTUDIO\CUDA\CUDA_8QUEEN\CUDA_8QUEEN\DEBUG\VC110.PDB
E:\VISUALSTUDIO\CUDA\CUDA_8QUEEN\DEBUG\CUDA_8QUEEN.ILK
E:\VISUALSTUDIO\CUDA\CUDA_8QUEEN\DEBUG\CUDA_8QUEEN.EXE
E:\VISUALSTUDIO\CUDA\CUDA_8QUEEN\DEBUG\CUDA_8QUEEN.PDB
E:\VisualStudio\CUDA\CUDA_8queen\CUDA_8queen\Debug\CUDA_11-16Q_Pro3.cu.cache
E:\VisualStudio\CUDA\CUDA_8queen\CUDA_8queen\Debug\CUDA_4-10Q_Pro3.cu.cache
E:\VisualStudio\CUDA\CUDA_8queen\CUDA_8queen\Debug\CUDA_4-8Q_Pro.cu.cache
E:\VisualStudio\CUDA\CUDA_8queen\CUDA_8queen\Debug\CUDA_8Q.cu.cache
E:\VisualStudio\CUDA\CUDA_8queen\CUDA_8queen\Debug\CUDA_8Q_pro.cu.cache
E:\VisualStudio\CUDA\CUDA_8queen\CUDA_8queen\Debug\CUDA_8Q_Pro2.cu.cache
E:\VisualStudio\CUDA\CUDA_8queen\CUDA_8queen\Debug\CUDA_8Q_Pro3.cu.cache
E:\VisualStudio\CUDA\CUDA_8queen\CUDA_8queen\Debug\julia_gpu.cu.cache
E:\VisualStudio\CUDA\CUDA_8queen\CUDA_8queen\Debug\MatrixKernel.cu.cache
E:\VisualStudio\CUDA\CUDA_8queen\CUDA_8queen\Debug\QueenMain.cu.cache
E:\VisualStudio\CUDA\CUDA_8queen\CUDA_8queen\Debug\testmain.cu.cache
E:\VisualStudio\CUDA\CUDA_8queen\CUDA_8queen\Debug\CUDA_11-16Q_Pro3.cu.obj
E:\VisualStudio\CUDA\CUDA_8queen\CUDA_8queen\Debug\CUDA_4-10Q_Pro3.cu.obj
E:\VisualStudio\CUDA\CUDA_8queen\CUDA_8queen\Debug\CUDA_4-8Q_Pro.cu.obj
E:\VisualStudio\CUDA\CUDA_8queen\CUDA_8queen\Debug\CUDA_8Q.cu.obj
E:\VisualStudio\CUDA\CUDA_8queen\CUDA_8queen\Debug\CUDA_8Q_pro.cu.obj
E:\VisualStudio\CUDA\CUDA_8queen\CUDA_8queen\Debug\CUDA_8Q_Pro2.cu.obj
E:\VisualStudio\CUDA\CUDA_8queen\CUDA_8queen\Debug\CUDA_8Q_Pro3.cu.obj
E:\VisualStudio\CUDA\CUDA_8queen\CUDA_8queen\Debug\julia_gpu.cu.obj
E:\VisualStudio\CUDA\CUDA_8queen\CUDA_8queen\Debug\MatrixKernel.cu.obj
E:\VisualStudio\CUDA\CUDA_8queen\CUDA_8queen\Debug\qiongjuQueen.obj
E:\VisualStudio\CUDA\CUDA_8queen\CUDA_8queen\Debug\QueenMain.cu.obj
E:\VisualStudio\CUDA\CUDA_8queen\CUDA_8queen\Debug\testmain.cu.obj
E:\VisualStudio\CUDA\CUDA_8queen\CUDA_8queen\Debug\cl.command.1.tlog
E:\VisualStudio\CUDA\CUDA_8queen\CUDA_8queen\Debug\CL.read.1.tlog
E:\VisualStudio\CUDA\CUDA_8queen\CUDA_8queen\Debug\CL.write.1.tlog
E:\VisualStudio\CUDA\CUDA_8queen\CUDA_8queen\Debug\link-cvtres.read.1.tlog
E:\VisualStudio\CUDA\CUDA_8queen\CUDA_8queen\Debug\link-cvtres.write.1.tlog
E:\VisualStudio\CUDA\CUDA_8queen\CUDA_8queen\Debug\link-rc.read.1.tlog
E:\VisualStudio\CUDA\CUDA_8queen\CUDA_8queen\Debug\link-rc.write.1.tlog
E:\VisualStudio\CUDA\CUDA_8queen\CUDA_8queen\Debug\link.1212-cvtres.read.1.tlog
E:\VisualStudio\CUDA\CUDA_8queen\CUDA_8queen\Debug\link.1212-cvtres.write.1.tlog
E:\VisualStudio\CUDA\CUDA_8queen\CUDA_8queen\Debug\link.1212-rc.read.1.tlog
E:\VisualStudio\CUDA\CUDA_8queen\CUDA_8queen\Debug\link.1212-rc.write.1.tlog
E:\VisualStudio\CUDA\CUDA_8queen\CUDA_8queen\Debug\link.1212.read.1.tlog
E:\VisualStudio\CUDA\CUDA_8queen\CUDA_8queen\Debug\link.1212.write.1.tlog
E:\VisualStudio\CUDA\CUDA_8queen\CUDA_8queen\Debug\link.1560-cvtres.read.1.tlog
E:\VisualStudio\CUDA\CUDA_8queen\CUDA_8queen\Debug\link.1560-cvtres.write.1.tlog
E:\VisualStudio\CUDA\CUDA_8queen\CUDA_8queen\Debug\link.1560-rc.read.1.tlog
E:\VisualStudio\CUDA\CUDA_8queen\CUDA_8queen\Debug\link.1560-rc.write.1.tlog
E:\VisualStudio\CUDA\CUDA_8queen\CUDA_8queen\Debug\link.1560.read.1.tlog
E:\VisualStudio\CUDA\CUDA_8queen\CUDA_8queen\Debug\link.1560.write.1.tlog
E:\VisualStudio\CUDA\CUDA_8queen\CUDA_8queen\Debug\link.2548-cvtres.read.1.tlog
E:\VisualStudio\CUDA\CUDA_8queen\CUDA_8queen\Debug\link.2548-cvtres.write.1.tlog
E:\VisualStudio\CUDA\CUDA_8queen\CUDA_8queen\Debug\link.2548-rc.read.1.tlog
E:\VisualStudio\CUDA\CUDA_8queen\CUDA_8queen\Debug\link.2548-rc.write.1.tlog
E:\VisualStudio\CUDA\CUDA_8queen\CUDA_8queen\Debug\link.2548.read.1.tlog
E:\VisualStudio\CUDA\CUDA_8queen\CUDA_8queen\Debug\link.2548.write.1.tlog
E:\VisualStudio\CUDA\CUDA_8queen\CUDA_8queen\Debug\link.2736-cvtres.read.1.tlog
E:\VisualStudio\CUDA\CUDA_8queen\CUDA_8queen\Debug\link.2736-cvtres.write.1.tlog
E:\VisualStudio\CUDA\CUDA_8queen\CUDA_8queen\Debug\link.2736-rc.read.1.tlog
E:\VisualStudio\CUDA\CUDA_8queen\CUDA_8queen\Debug\link.2736-rc.write.1.tlog
E:\VisualStudio\CUDA\CUDA_8queen\CUDA_8queen\Debug\link.2736.read.1.tlog
E:\VisualStudio\CUDA\CUDA_8queen\CUDA_8queen\Debug\link.2736.write.1.tlog
E:\VisualStudio\CUDA\CUDA_8queen\CUDA_8queen\Debug\link.3772-cvtres.read.1.tlog
E:\VisualStudio\CUDA\CUDA_8queen\CUDA_8queen\Debug\link.3772-cvtres.write.1.tlog
E:\VisualStudio\CUDA\CUDA_8queen\CUDA_8queen\Debug\link.3772-rc.read.1.tlog
E:\VisualStudio\CUDA\CUDA_8queen\CUDA_8queen\Debug\link.3772-rc.write.1.tlog
E:\VisualStudio\CUDA\CUDA_8queen\CUDA_8queen\Debug\link.3772.read.1.tlog
E:\VisualStudio\CUDA\CUDA_8queen\CUDA_8queen\Debug\link.3772.write.1.tlog
E:\VisualStudio\CUDA\CUDA_8queen\CUDA_8queen\Debug\link.4548-cvtres.read.1.tlog
E:\VisualStudio\CUDA\CUDA_8queen\CUDA_8queen\Debug\link.4548-cvtres.write.1.tlog
E:\VisualStudio\CUDA\CUDA_8queen\CUDA_8queen\Debug\link.4548-rc.read.1.tlog
E:\VisualStudio\CUDA\CUDA_8queen\CUDA_8queen\Debug\link.4548-rc.write.1.tlog
E:\VisualStudio\CUDA\CUDA_8queen\CUDA_8queen\Debug\link.4548.read.1.tlog
E:\VisualStudio\CUDA\CUDA_8queen\CUDA_8queen\Debug\link.4548.write.1.tlog
E:\VisualStudio\CUDA\CUDA_8queen\CUDA_8queen\Debug\link.5868-cvtres.read.1.tlog
E:\VisualStudio\CUDA\CUDA_8queen\CUDA_8queen\Debug\link.5868-cvtres.write.1.tlog
E:\VisualStudio\CUDA\CUDA_8queen\CUDA_8queen\Debug\link.5868-rc.read.1.tlog
E:\VisualStudio\CUDA\CUDA_8queen\CUDA_8queen\Debug\link.5868-rc.write.1.tlog
E:\VisualStudio\CUDA\CUDA_8queen\CUDA_8queen\Debug\link.5868.read.1.tlog
E:\VisualStudio\CUDA\CUDA_8queen\CUDA_8queen\Debug\link.5868.write.1.tlog
E:\VisualStudio\CUDA\CUDA_8queen\CUDA_8queen\Debug\link.6132-cvtres.read.1.tlog
E:\VisualStudio\CUDA\CUDA_8queen\CUDA_8queen\Debug\link.6132-cvtres.write.1.tlog
E:\VisualStudio\CUDA\CUDA_8queen\CUDA_8queen\Debug\link.6132-rc.read.1.tlog
E:\VisualStudio\CUDA\CUDA_8queen\CUDA_8queen\Debug\link.6132-rc.write.1.tlog
E:\VisualStudio\CUDA\CUDA_8queen\CUDA_8queen\Debug\link.6132.read.1.tlog
E:\VisualStudio\CUDA\CUDA_8queen\CUDA_8queen\Debug\link.6132.write.1.tlog
E:\VisualStudio\CUDA\CUDA_8queen\CUDA_8queen\Debug\link.6152-cvtres.read.1.tlog
E:\VisualStudio\CUDA\CUDA_8queen\CUDA_8queen\Debug\link.6152-cvtres.write.1.tlog
E:\VisualStudio\CUDA\CUDA_8queen\CUDA_8queen\Debug\link.6152-rc.read.1.tlog
E:\VisualStudio\CUDA\CUDA_8queen\CUDA_8queen\Debug\link.6152-rc.write.1.tlog
E:\VisualStudio\CUDA\CUDA_8queen\CUDA_8queen\Debug\link.6152.read.1.tlog
E:\VisualStudio\CUDA\CUDA_8queen\CUDA_8queen\Debug\link.6152.write.1.tlog
E:\VisualStudio\CUDA\CUDA_8queen\CUDA_8queen\Debug\link.6268-cvtres.read.1.tlog
E:\VisualStudio\CUDA\CUDA_8queen\CUDA_8queen\Debug\link.6268-cvtres.write.1.tlog
E:\VisualStudio\CUDA\CUDA_8queen\CUDA_8queen\Debug\link.6268-rc.read.1.tlog
E:\VisualStudio\CUDA\CUDA_8queen\CUDA_8queen\Debug\link.6268-rc.write.1.tlog
E:\VisualStudio\CUDA\CUDA_8queen\CUDA_8queen\Debug\link.6268.read.1.tlog
E:\VisualStudio\CUDA\CUDA_8queen\CUDA_8queen\Debug\link.6268.write.1.tlog
E:\VisualStudio\CUDA\CUDA_8queen\CUDA_8queen\Debug\link.6752-cvtres.read.1.tlog
E:\VisualStudio\CUDA\CUDA_8queen\CUDA_8queen\Debug\link.6752-cvtres.write.1.tlog
E:\VisualStudio\CUDA\CUDA_8queen\CUDA_8queen\Debug\link.6752-rc.read.1.tlog
E:\VisualStudio\CUDA\CUDA_8queen\CUDA_8queen\Debug\link.6752-rc.write.1.tlog
E:\VisualStudio\CUDA\CUDA_8queen\CUDA_8queen\Debug\link.6752.read.1.tlog
E:\VisualStudio\CUDA\CUDA_8queen\CUDA_8queen\Debug\link.6752.write.1.tlog
E:\VisualStudio\CUDA\CUDA_8queen\CUDA_8queen\Debug\link.6840-cvtres.read.1.tlog
E:\VisualStudio\CUDA\CUDA_8queen\CUDA_8queen\Debug\link.6840-cvtres.write.1.tlog
E:\VisualStudio\CUDA\CUDA_8queen\CUDA_8queen\Debug\link.6840-rc.read.1.tlog
E:\VisualStudio\CUDA\CUDA_8queen\CUDA_8queen\Debug\link.6840-rc.write.1.tlog
E:\VisualStudio\CUDA\CUDA_8queen\CUDA_8queen\Debug\link.6840.read.1.tlog
E:\VisualStudio\CUDA\CUDA_8queen\CUDA_8queen\Debug\link.6840.write.1.tlog
E:\VisualStudio\CUDA\CUDA_8queen\CUDA_8queen\Debug\link.6980-cvtres.read.1.tlog
E:\VisualStudio\CUDA\CUDA_8queen\CUDA_8queen\Debug\link.6980-cvtres.write.1.tlog
E:\VisualStudio\CUDA\CUDA_8queen\CUDA_8queen\Debug\link.6980-rc.read.1.tlog
E:\VisualStudio\CUDA\CUDA_8queen\CUDA_8queen\Debug\link.6980-rc.write.1.tlog
E:\VisualStudio\CUDA\CUDA_8queen\CUDA_8queen\Debug\link.6980.read.1.tlog
E:\VisualStudio\CUDA\CUDA_8queen\CUDA_8queen\Debug\link.6980.write.1.tlog
E:\VisualStudio\CUDA\CUDA_8queen\CUDA_8queen\Debug\link.7160-cvtres.read.1.tlog
E:\VisualStudio\CUDA\CUDA_8queen\CUDA_8queen\Debug\link.7160-cvtres.write.1.tlog
E:\VisualStudio\CUDA\CUDA_8queen\CUDA_8queen\Debug\link.7160-rc.read.1.tlog
E:\VisualStudio\CUDA\CUDA_8queen\CUDA_8queen\Debug\link.7160-rc.write.1.tlog
E:\VisualStudio\CUDA\CUDA_8queen\CUDA_8queen\Debug\link.7160.read.1.tlog
E:\VisualStudio\CUDA\CUDA_8queen\CUDA_8queen\Debug\link.7160.write.1.tlog
E:\VisualStudio\CUDA\CUDA_8queen\CUDA_8queen\Debug\link.7512-cvtres.read.1.tlog
E:\VisualStudio\CUDA\CUDA_8queen\CUDA_8queen\Debug\link.7512-cvtres.write.1.tlog
E:\VisualStudio\CUDA\CUDA_8queen\CUDA_8queen\Debug\link.7512-rc.read.1.tlog
E:\VisualStudio\CUDA\CUDA_8queen\CUDA_8queen\Debug\link.7512-rc.write.1.tlog
E:\VisualStudio\CUDA\CUDA_8queen\CUDA_8queen\Debug\link.7512.read.1.tlog
E:\VisualStudio\CUDA\CUDA_8queen\CUDA_8queen\Debug\link.7512.write.1.tlog
E:\VisualStudio\CUDA\CUDA_8queen\CUDA_8queen\Debug\link.7604-cvtres.read.1.tlog
E:\VisualStudio\CUDA\CUDA_8queen\CUDA_8queen\Debug\link.7604-cvtres.write.1.tlog
E:\VisualStudio\CUDA\CUDA_8queen\CUDA_8queen\Debug\link.7604-rc.read.1.tlog
E:\VisualStudio\CUDA\CUDA_8queen\CUDA_8queen\Debug\link.7604-rc.write.1.tlog
E:\VisualStudio\CUDA\CUDA_8queen\CUDA_8queen\Debug\link.7604.read.1.tlog
E:\VisualStudio\CUDA\CUDA_8queen\CUDA_8queen\Debug\link.7604.write.1.tlog
E:\VisualStudio\CUDA\CUDA_8queen\CUDA_8queen\Debug\link.7652-cvtres.read.1.tlog
E:\VisualStudio\CUDA\CUDA_8queen\CUDA_8queen\Debug\link.7652-cvtres.write.1.tlog
E:\VisualStudio\CUDA\CUDA_8queen\CUDA_8queen\Debug\link.7652-rc.read.1.tlog
E:\VisualStudio\CUDA\CUDA_8queen\CUDA_8queen\Debug\link.7652-rc.write.1.tlog
E:\VisualStudio\CUDA\CUDA_8queen\CUDA_8queen\Debug\link.7652.read.1.tlog
E:\VisualStudio\CUDA\CUDA_8queen\CUDA_8queen\Debug\link.7652.write.1.tlog
E:\VisualStudio\CUDA\CUDA_8queen\CUDA_8queen\Debug\link.7748-cvtres.read.1.tlog
E:\VisualStudio\CUDA\CUDA_8queen\CUDA_8queen\Debug\link.7748-cvtres.write.1.tlog
E:\VisualStudio\CUDA\CUDA_8queen\CUDA_8queen\Debug\link.7748-rc.read.1.tlog
E:\VisualStudio\CUDA\CUDA_8queen\CUDA_8queen\Debug\link.7748-rc.write.1.tlog
E:\VisualStudio\CUDA\CUDA_8queen\CUDA_8queen\Debug\link.7748.read.1.tlog
E:\VisualStudio\CUDA\CUDA_8queen\CUDA_8queen\Debug\link.7748.write.1.tlog
E:\VisualStudio\CUDA\CUDA_8queen\CUDA_8queen\Debug\link.8020-cvtres.read.1.tlog
E:\VisualStudio\CUDA\CUDA_8queen\CUDA_8queen\Debug\link.8020-cvtres.write.1.tlog
E:\VisualStudio\CUDA\CUDA_8queen\CUDA_8queen\Debug\link.8020-rc.read.1.tlog
E:\VisualStudio\CUDA\CUDA_8queen\CUDA_8queen\Debug\link.8020-rc.write.1.tlog
E:\VisualStudio\CUDA\CUDA_8queen\CUDA_8queen\Debug\link.8020.read.1.tlog
E:\VisualStudio\CUDA\CUDA_8queen\CUDA_8queen\Debug\link.8020.write.1.tlog
E:\VisualStudio\CUDA\CUDA_8queen\CUDA_8queen\Debug\link.8552-cvtres.read.1.tlog
E:\VisualStudio\CUDA\CUDA_8queen\CUDA_8queen\Debug\link.8552-cvtres.write.1.tlog
E:\VisualStudio\CUDA\CUDA_8queen\CUDA_8queen\Debug\link.8552-rc.read.1.tlog
E:\VisualStudio\CUDA\CUDA_8queen\CUDA_8queen\Debug\link.8552-rc.write.1.tlog
E:\VisualStudio\CUDA\CUDA_8queen\CUDA_8queen\Debug\link.8552.read.1.tlog
E:\VisualStudio\CUDA\CUDA_8queen\CUDA_8queen\Debug\link.8552.write.1.tlog
E:\VisualStudio\CUDA\CUDA_8queen\CUDA_8queen\Debug\link.8888-cvtres.read.1.tlog
E:\VisualStudio\CUDA\CUDA_8queen\CUDA_8queen\Debug\link.8888-cvtres.write.1.tlog
E:\VisualStudio\CUDA\CUDA_8queen\CUDA_8queen\Debug\link.8888-rc.read.1.tlog
E:\VisualStudio\CUDA\CUDA_8queen\CUDA_8queen\Debug\link.8888-rc.write.1.tlog
E:\VisualStudio\CUDA\CUDA_8queen\CUDA_8queen\Debug\link.8888.read.1.tlog
E:\VisualStudio\CUDA\CUDA_8queen\CUDA_8queen\Debug\link.8888.write.1.tlog
E:\VisualStudio\CUDA\CUDA_8queen\CUDA_8queen\Debug\link.8976-cvtres.read.1.tlog
E:\VisualStudio\CUDA\CUDA_8queen\CUDA_8queen\Debug\link.8976-cvtres.write.1.tlog
E:\VisualStudio\CUDA\CUDA_8queen\CUDA_8queen\Debug\link.8976-rc.read.1.tlog
E:\VisualStudio\CUDA\CUDA_8queen\CUDA_8queen\Debug\link.8976-rc.write.1.tlog
E:\VisualStudio\CUDA\CUDA_8queen\CUDA_8queen\Debug\link.8976.read.1.tlog
E:\VisualStudio\CUDA\CUDA_8queen\CUDA_8queen\Debug\link.8976.write.1.tlog
E:\VisualStudio\CUDA\CUDA_8queen\CUDA_8queen\Debug\link.9104-cvtres.read.1.tlog
E:\VisualStudio\CUDA\CUDA_8queen\CUDA_8queen\Debug\link.9104-cvtres.write.1.tlog
E:\VisualStudio\CUDA\CUDA_8queen\CUDA_8queen\Debug\link.9104-rc.read.1.tlog
E:\VisualStudio\CUDA\CUDA_8queen\CUDA_8queen\Debug\link.9104-rc.write.1.tlog
E:\VisualStudio\CUDA\CUDA_8queen\CUDA_8queen\Debug\link.9104.read.1.tlog
E:\VisualStudio\CUDA\CUDA_8queen\CUDA_8queen\Debug\link.9104.write.1.tlog
E:\VisualStudio\CUDA\CUDA_8queen\CUDA_8queen\Debug\link.988-cvtres.read.1.tlog
E:\VisualStudio\CUDA\CUDA_8queen\CUDA_8queen\Debug\link.988-cvtres.write.1.tlog
E:\VisualStudio\CUDA\CUDA_8queen\CUDA_8queen\Debug\link.988-rc.read.1.tlog
E:\VisualStudio\CUDA\CUDA_8queen\CUDA_8queen\Debug\link.988-rc.write.1.tlog
E:\VisualStudio\CUDA\CUDA_8queen\CUDA_8queen\Debug\link.988.read.1.tlog
E:\VisualStudio\CUDA\CUDA_8queen\CUDA_8queen\Debug\link.988.write.1.tlog
E:\VisualStudio\CUDA\CUDA_8queen\CUDA_8queen\Debug\link.command.1.tlog
E:\VisualStudio\CUDA\CUDA_8queen\CUDA_8queen\Debug\link.read.1.tlog
E:\VisualStudio\CUDA\CUDA_8queen\CUDA_8queen\Debug\link.write.1.tlog
E:\VisualStudio\CUDA\CUDA_8queen\CUDA_8queen\Debug\vc110.idb
E:\VisualStudio\CUDA\CUDA_8queen\CUDA_8queen\Debug\vc110.pdb
E:\VisualStudio\CUDA\CUDA_8queen\Debug\CUDA_8queen.pdb
E:\VisualStudio\CUDA\CUDA_8queen\Debug\CUDA_8queen.exe
E:\VisualStudio\CUDA\CUDA_8queen\Debug\CUDA_8queen.ilk
