E:\VISUALSTUDIO\CUDA\CUDADOME02\CUDADOME02\DEBUG\CUDADOME02.ILK
E:\VISUALSTUDIO\CUDA\CUDADOME02\CUDADOME02\DEBUG\CUDADOME02.EXE
E:\VISUALSTUDIO\CUDA\CUDADOME02\CUDADOME02\DEBUG\CUDADOME02.PDB
E:\VisualStudio\CUDA\CUDADome02\CUDADome02\Debug\CUDA_8Q_Pro.cu.cache
E:\VisualStudio\CUDA\CUDADome02\CUDADome02\Debug\docProduce.cu.cache
E:\VisualStudio\CUDA\CUDADome02\CUDADome02\Debug\dot.cu.cache
E:\VisualStudio\CUDA\CUDADome02\CUDADome02\Debug\Matrix.cu.cache
E:\VisualStudio\CUDA\CUDADome02\CUDADome02\Debug\CUDA_8Q_Pro.cu.obj
E:\VisualStudio\CUDA\CUDADome02\CUDADome02\Debug\docProduce.cu.obj
E:\VisualStudio\CUDA\CUDADome02\CUDADome02\Debug\dot.cu.obj
E:\VisualStudio\CUDA\CUDADome02\CUDADome02\Debug\Matrix.cu.obj
E:\VisualStudio\CUDA\CUDADome02\CUDADome02\Debug\CUDADome02.ilk
E:\VisualStudio\CUDA\CUDADome02\CUDADome02\Debug\link-cvtres.read.1.tlog
E:\VisualStudio\CUDA\CUDADome02\CUDADome02\Debug\link-cvtres.write.1.tlog
E:\VisualStudio\CUDA\CUDADome02\CUDADome02\Debug\link-rc.read.1.tlog
E:\VisualStudio\CUDA\CUDADome02\CUDADome02\Debug\link-rc.write.1.tlog
E:\VisualStudio\CUDA\CUDADome02\CUDADome02\Debug\link.6292-cvtres.read.1.tlog
E:\VisualStudio\CUDA\CUDADome02\CUDADome02\Debug\link.6292-cvtres.write.1.tlog
E:\VisualStudio\CUDA\CUDADome02\CUDADome02\Debug\link.6292-rc.read.1.tlog
E:\VisualStudio\CUDA\CUDADome02\CUDADome02\Debug\link.6292-rc.write.1.tlog
E:\VisualStudio\CUDA\CUDADome02\CUDADome02\Debug\link.6292.read.1.tlog
E:\VisualStudio\CUDA\CUDADome02\CUDADome02\Debug\link.6292.write.1.tlog
E:\VisualStudio\CUDA\CUDADome02\CUDADome02\Debug\link.9540-cvtres.read.1.tlog
E:\VisualStudio\CUDA\CUDADome02\CUDADome02\Debug\link.9540-cvtres.write.1.tlog
E:\VisualStudio\CUDA\CUDADome02\CUDADome02\Debug\link.9540-rc.read.1.tlog
E:\VisualStudio\CUDA\CUDADome02\CUDADome02\Debug\link.9540-rc.write.1.tlog
E:\VisualStudio\CUDA\CUDADome02\CUDADome02\Debug\link.9540.read.1.tlog
E:\VisualStudio\CUDA\CUDADome02\CUDADome02\Debug\link.9540.write.1.tlog
E:\VisualStudio\CUDA\CUDADome02\CUDADome02\Debug\link.command.1.tlog
E:\VisualStudio\CUDA\CUDADome02\CUDADome02\Debug\link.read.1.tlog
E:\VisualStudio\CUDA\CUDADome02\CUDADome02\Debug\link.write.1.tlog
E:\VisualStudio\CUDA\CUDADome02\CUDADome02\Debug\CUDADome02.pdb
E:\VisualStudio\CUDA\CUDADome02\CUDADome02\Debug\CUDADome02.exe
