E:\VISUALSTUDIO\MFC\FIRSTPRORAM\FIRSTPRORAM\DEBUG\FIRSTPRORAM.PCH
E:\VISUALSTUDIO\MFC\FIRSTPRORAM\FIRSTPRORAM\DEBUG\STDAFX.OBJ
E:\VISUALSTUDIO\MFC\FIRSTPRORAM\FIRSTPRORAM\DEBUG\VC110.PDB
E:\VISUALSTUDIO\MFC\FIRSTPRORAM\FIRSTPRORAM\DEBUG\FIRSTPRORAM.OBJ
E:\VISUALSTUDIO\MFC\FIRSTPRORAM\FIRSTPRORAM\DEBUG\MYFONT.OBJ
E:\VISUALSTUDIO\MFC\FIRSTPRORAM\FIRSTPRORAM\DEBUG\FIRSTPRORAMDLG.OBJ
E:\VISUALSTUDIO\MFC\FIRSTPRORAM\FIRSTPRORAM\DEBUG\FIRSTPRORAM.RES
E:\VisualStudio\MFC\firstProram\firstProram\Debug\firstProram.obj
E:\VisualStudio\MFC\firstProram\firstProram\Debug\firstProramDlg.obj
E:\VisualStudio\MFC\firstProram\firstProram\Debug\MyFont.obj
E:\VisualStudio\MFC\firstProram\firstProram\Debug\stdafx.obj
E:\VisualStudio\MFC\firstProram\firstProram\Debug\cl.command.1.tlog
E:\VisualStudio\MFC\firstProram\firstProram\Debug\CL.read.1.tlog
E:\VisualStudio\MFC\firstProram\firstProram\Debug\CL.write.1.tlog
E:\VisualStudio\MFC\firstProram\firstProram\Debug\link-cvtres.read.1.tlog
E:\VisualStudio\MFC\firstProram\firstProram\Debug\link-cvtres.write.1.tlog
E:\VisualStudio\MFC\firstProram\firstProram\Debug\link-mt.read.1.tlog
E:\VisualStudio\MFC\firstProram\firstProram\Debug\link-mt.write.1.tlog
E:\VisualStudio\MFC\firstProram\firstProram\Debug\link-rc.read.1.tlog
E:\VisualStudio\MFC\firstProram\firstProram\Debug\link-rc.write.1.tlog
E:\VisualStudio\MFC\firstProram\firstProram\Debug\link.command.1.tlog
E:\VisualStudio\MFC\firstProram\firstProram\Debug\link.read.1.tlog
E:\VisualStudio\MFC\firstProram\firstProram\Debug\link.write.1.tlog
E:\VisualStudio\MFC\firstProram\firstProram\Debug\rc.command.1.tlog
E:\VisualStudio\MFC\firstProram\firstProram\Debug\rc.read.1.tlog
E:\VisualStudio\MFC\firstProram\firstProram\Debug\rc.write.1.tlog
E:\VisualStudio\MFC\firstProram\firstProram\Debug\firstProram.res
E:\VisualStudio\MFC\firstProram\firstProram\Debug\firstProram.pch
E:\VisualStudio\MFC\firstProram\firstProram\Debug\vc110.idb
E:\VisualStudio\MFC\firstProram\firstProram\Debug\vc110.pdb
E:\VisualStudio\MFC\firstProram\Debug\firstProram.pdb
E:\VisualStudio\MFC\firstProram\Debug\firstProram.exe
E:\VisualStudio\MFC\firstProram\Debug\firstProram.ilk
