E:\VISUALSTUDIO\MFC\NMTABPROGRAM\NMTABPROGRAM\DEBUG\NMTABPROGRAM.PCH
E:\VISUALSTUDIO\MFC\NMTABPROGRAM\NMTABPROGRAM\DEBUG\STDAFX.OBJ
E:\VISUALSTUDIO\MFC\NMTABPROGRAM\NMTABPROGRAM\DEBUG\VC110.PDB
E:\VISUALSTUDIO\MFC\NMTABPROGRAM\NMTABPROGRAM\DEBUG\NMTABPROGRAM.OBJ
E:\VISUALSTUDIO\MFC\NMTABPROGRAM\NMTABPROGRAM\DEBUG\NMTABPROGRAMDLG.OBJ
E:\VISUALSTUDIO\MFC\NMTABPROGRAM\NMTABPROGRAM\DEBUG\PAGE1.OBJ
E:\VISUALSTUDIO\MFC\NMTABPROGRAM\NMTABPROGRAM\DEBUG\PAGE2.OBJ
E:\VISUALSTUDIO\MFC\NMTABPROGRAM\DEBUG\NMTABPROGRAM.ILK
E:\VISUALSTUDIO\MFC\NMTABPROGRAM\DEBUG\NMTABPROGRAM.EXE
E:\VISUALSTUDIO\MFC\NMTABPROGRAM\DEBUG\NMTABPROGRAM.PDB
E:\VISUALSTUDIO\MFC\NMTABPROGRAM\NMTABPROGRAM\DEBUG\NMTABPROGRAM.RES
E:\VisualStudio\MFC\NMTABProgram\NMTABProgram\Debug\NMTABProgram.obj
E:\VisualStudio\MFC\NMTABProgram\NMTABProgram\Debug\NMTABProgramDlg.obj
E:\VisualStudio\MFC\NMTABProgram\NMTABProgram\Debug\Page1.obj
E:\VisualStudio\MFC\NMTABProgram\NMTABProgram\Debug\Page2.obj
E:\VisualStudio\MFC\NMTABProgram\NMTABProgram\Debug\stdafx.obj
E:\VisualStudio\MFC\NMTABProgram\NMTABProgram\Debug\cl.command.1.tlog
E:\VisualStudio\MFC\NMTABProgram\NMTABProgram\Debug\CL.read.1.tlog
E:\VisualStudio\MFC\NMTABProgram\NMTABProgram\Debug\CL.write.1.tlog
E:\VisualStudio\MFC\NMTABProgram\NMTABProgram\Debug\link-cvtres.read.1.tlog
E:\VisualStudio\MFC\NMTABProgram\NMTABProgram\Debug\link-cvtres.write.1.tlog
E:\VisualStudio\MFC\NMTABProgram\NMTABProgram\Debug\link-mt.read.1.tlog
E:\VisualStudio\MFC\NMTABProgram\NMTABProgram\Debug\link-mt.write.1.tlog
E:\VisualStudio\MFC\NMTABProgram\NMTABProgram\Debug\link-rc.read.1.tlog
E:\VisualStudio\MFC\NMTABProgram\NMTABProgram\Debug\link-rc.write.1.tlog
E:\VisualStudio\MFC\NMTABProgram\NMTABProgram\Debug\link.command.1.tlog
E:\VisualStudio\MFC\NMTABProgram\NMTABProgram\Debug\link.read.1.tlog
E:\VisualStudio\MFC\NMTABProgram\NMTABProgram\Debug\link.write.1.tlog
E:\VisualStudio\MFC\NMTABProgram\NMTABProgram\Debug\rc.command.1.tlog
E:\VisualStudio\MFC\NMTABProgram\NMTABProgram\Debug\rc.read.1.tlog
E:\VisualStudio\MFC\NMTABProgram\NMTABProgram\Debug\rc.write.1.tlog
E:\VisualStudio\MFC\NMTABProgram\NMTABProgram\Debug\NMTABProgram.res
E:\VisualStudio\MFC\NMTABProgram\NMTABProgram\Debug\NMTABProgram.pch
E:\VisualStudio\MFC\NMTABProgram\NMTABProgram\Debug\vc110.idb
E:\VisualStudio\MFC\NMTABProgram\NMTABProgram\Debug\vc110.pdb
E:\VisualStudio\MFC\NMTABProgram\Debug\NMTABProgram.pdb
E:\VisualStudio\MFC\NMTABProgram\Debug\NMTABProgram.exe
E:\VisualStudio\MFC\NMTABProgram\Debug\NMTABProgram.ilk
